<?xml version="1.0" encoding="UTF-8"?>
<testng-results ignored="0" total="2" passed="2" failed="0" skipped="0">
  <reporter-output>
  </reporter-output>
  <suite started-at="2024-09-30T17:54:21 IST" name="Default suite" finished-at="2024-09-30T17:54:25 IST" duration-ms="4798">
    <groups>
    </groups>
    <test started-at="2024-09-30T17:54:21 IST" name="Default test" finished-at="2024-09-30T17:54:25 IST" duration-ms="4798">
      <class name="RequestChaining.petStoreReqCh">
        <test-method signature="createPet()[pri:0, instance:RequestChaining.petStoreReqCh@2bbf180e]" started-at="2024-09-30T17:54:21 IST" name="createPet" finished-at="2024-09-30T17:54:24 IST" duration-ms="3414" status="PASS">
          <reporter-output>
          </reporter-output>
        </test-method> <!-- createPet -->
        <test-method signature="getPet()[pri:0, instance:RequestChaining.petStoreReqCh@2bbf180e]" started-at="2024-09-30T17:54:24 IST" name="getPet" finished-at="2024-09-30T17:54:25 IST" depends-on-methods="RequestChaining.petStoreReqCh.createPet" duration-ms="1351" status="PASS">
          <reporter-output>
          </reporter-output>
        </test-method> <!-- getPet -->
      </class> <!-- RequestChaining.petStoreReqCh -->
    </test> <!-- Default test -->
  </suite> <!-- Default suite -->
</testng-results>
